<?xml version="1.0" encoding="UTF-8"?>
<testsuite xmlns:xsi="http://www.w3.org/2001/XMLSchema-instance" xsi:noNamespaceSchemaLocation="https://maven.apache.org/surefire/maven-surefire-plugin/xsd/surefire-test-report.xsd" name="runners.TestRunner" time="31.211" tests="2" errors="0" skipped="0" failures="0">
  <properties>
[...]
</properties>
  <testcase name="Add new contact" classname="Contact page feature" time="16.872"/>
  <testcase name="To login with valid email and valid password" classname="Test the login functionality" time="12.531"/>
</testsuite>